[TRACE][attachment] OUT {"method":"connect","params":{"protocol":3,"agent":"blazeclaw-det-verifier"},"id":"a1fbb06ff2a342c7bf6a746fca9d6ad6","type":"req"}
[TRACE][attachment] IN  {"type":"res","id":"a1fbb06ff2a342c7bf6a746fca9d6ad6","ok":false,"error":{"code":"schema_invalid_response","message":"Expected success response (`ok=true`) for method fixture validation.","details":{"method":"connect"},"retryable":false}}
[TRACE][attachment] DRAIN poll round=1/2
[TRACE][attachment] OUT {"method":"chat.events.poll","params":{"sessionKey":"web-smoke-attachment-f02d4789a36b4cd6a9b1acaec2f855f9","limit":50},"id":"0def7a92fb5c4bcb8977d256e2ded8da","type":"req"}
[TRACE][attachment] IN  {"type":"res","id":"0def7a92fb5c4bcb8977d256e2ded8da","ok":true,"payload":{"sessionKey":"web-smoke-attachment-f02d4789a36b4cd6a9b1acaec2f855f9","events":[],"count":0}}
[TRACE][attachment] DRAIN poll round=2/2
[TRACE][attachment] OUT {"method":"chat.events.poll","params":{"sessionKey":"web-smoke-attachment-f02d4789a36b4cd6a9b1acaec2f855f9","limit":50},"id":"18f94b34bcb643fa8c7aba279bc6b93d","type":"req"}
[TRACE][attachment] IN  {"type":"res","id":"18f94b34bcb643fa8c7aba279bc6b93d","ok":true,"payload":{"sessionKey":"web-smoke-attachment-f02d4789a36b4cd6a9b1acaec2f855f9","events":[],"count":0}}
[TRACE][attachment] OUT {"method":"chat.send","params":{"sessionKey":"web-smoke-attachment-f02d4789a36b4cd6a9b1acaec2f855f9","deliver":false,"message":"webview smoke attachment","attachments":[{"mimeType":"image/png","content":"AQ==","type":"image"}],"idempotencyKey":"web-smoke-attachment-c3480bccc807470ebcdc7fd0478d1092"},"id":"0ba159dda1ff41fa97ba5d9b82970ba3","type":"req"}
[TRACE][attachment] IN  {"type":"res","id":"","ok":false,"error":{"code":"invalid_frame","message":"Unsupported frame type for request decode: image","retryable":false}}
[TRACE][attachment] IN  <empty> while waiting id=0ba159dda1ff41fa97ba5d9b82970ba3
[TRACE][attachment] TIMEOUT waiting id=0ba159dda1ff41fa97ba5d9b82970ba3 maxFrames=140
[TRACE][attachment] OUT {"method":"connect","params":{"protocol":3,"agent":"blazeclaw-det-verifier"},"id":"4233e7ac4ed64c8896c785c23d53e729","type":"req"}
[TRACE][attachment] IN  {"type":"res","id":"4233e7ac4ed64c8896c785c23d53e729","ok":false,"error":{"code":"schema_invalid_response","message":"Expected success response (`ok=true`) for method fixture validation.","details":{"method":"connect"},"retryable":false}}
[TRACE][attachment] DRAIN poll round=1/2
[TRACE][attachment] OUT {"method":"chat.events.poll","params":{"sessionKey":"web-smoke-attachment-5391fccdc7584b2abb58ec249aecb82b","limit":50},"id":"863b8187c666417d9b89380afcabd3ec","type":"req"}
[TRACE][attachment] IN  {"type":"res","id":"863b8187c666417d9b89380afcabd3ec","ok":true,"payload":{"sessionKey":"web-smoke-attachment-5391fccdc7584b2abb58ec249aecb82b","events":[],"count":0}}
[TRACE][attachment] DRAIN poll round=2/2
[TRACE][attachment] OUT {"method":"chat.events.poll","params":{"sessionKey":"web-smoke-attachment-5391fccdc7584b2abb58ec249aecb82b","limit":50},"id":"0c76548c83f44221bb0b5f8b91719298","type":"req"}
[TRACE][attachment] IN  {"type":"res","id":"0c76548c83f44221bb0b5f8b91719298","ok":true,"payload":{"sessionKey":"web-smoke-attachment-5391fccdc7584b2abb58ec249aecb82b","events":[],"count":0}}
[TRACE][attachment] OUT {"method":"chat.send","params":{"sessionKey":"web-smoke-attachment-5391fccdc7584b2abb58ec249aecb82b","deliver":false,"message":"webview smoke attachment","attachments":[{"mimeType":"image/png","content":"AQ==","type":"image"}],"idempotencyKey":"web-smoke-attachment-2ea474adb9964d0bbae0265f99276458"},"id":"3fe8004dfbad4e6bb581c59f6b0d0115","type":"req"}
[TRACE][attachment] IN  {"type":"res","id":"","ok":false,"error":{"code":"invalid_frame","message":"Unsupported frame type for request decode: image","retryable":false}}
[TRACE][attachment] IN  <empty> while waiting id=3fe8004dfbad4e6bb581c59f6b0d0115
[TRACE][attachment] TIMEOUT waiting id=3fe8004dfbad4e6bb581c59f6b0d0115 maxFrames=140
[TRACE][attachment] OUT {"method":"connect","params":{"protocol":3,"agent":"blazeclaw-det-verifier"},"id":"0852fc0efb8e41a396da421200e0de4f","type":"req"}
[TRACE][attachment] IN  {"type":"res","id":"0852fc0efb8e41a396da421200e0de4f","ok":false,"error":{"code":"schema_invalid_response","message":"Expected success response (`ok=true`) for method fixture validation.","details":{"method":"connect"},"retryable":false}}
[TRACE][attachment] DRAIN poll round=1/2
[TRACE][attachment] OUT {"method":"chat.events.poll","params":{"sessionKey":"web-smoke-attachment-0e243a1688fb4e429804dd2492b8b141","limit":50},"id":"09d67932805b4e9b9b790582646a83b2","type":"req"}
[TRACE][attachment] IN  {"type":"res","id":"09d67932805b4e9b9b790582646a83b2","ok":true,"payload":{"sessionKey":"web-smoke-attachment-0e243a1688fb4e429804dd2492b8b141","events":[],"count":0}}
[TRACE][attachment] DRAIN poll round=2/2
[TRACE][attachment] OUT {"method":"chat.events.poll","params":{"sessionKey":"web-smoke-attachment-0e243a1688fb4e429804dd2492b8b141","limit":50},"id":"468371fe02f9420fa234774f4ca32646","type":"req"}
[TRACE][attachment] IN  {"type":"res","id":"468371fe02f9420fa234774f4ca32646","ok":true,"payload":{"sessionKey":"web-smoke-attachment-0e243a1688fb4e429804dd2492b8b141","events":[],"count":0}}
[TRACE][attachment] OUT {"method":"chat.send","params":{"sessionKey":"web-smoke-attachment-0e243a1688fb4e429804dd2492b8b141","deliver":false,"message":"webview smoke attachment","attachments":[{"mimeType":"image/png","content":"AQ==","type":"image"}],"idempotencyKey":"web-smoke-attachment-ff938b8f26d44c50a37c753564bb474a"},"id":"2b665346a81f4aee8a6b200754b1ec4e","type":"req"}
[TRACE][attachment] IN  {"type":"res","id":"2b665346a81f4aee8a6b200754b1ec4e","ok":true,"payload":{"runId":"2b665346a81f4aee8a6b200754b1ec4e","backendErrorCode":null,"queued":true,"deduped":false}}
[TRACE][attachment] OUT {"method":"chat.events.poll","params":{"sessionKey":"web-smoke-attachment-0e243a1688fb4e429804dd2492b8b141","limit":50},"id":"194a50b4e74c47a6928c9365f5a764f1","type":"req"}
[TRACE][attachment] IN  {"type":"res","id":"194a50b4e74c47a6928c9365f5a764f1","ok":true,"payload":{"sessionKey":"web-smoke-attachment-0e243a1688fb4e429804dd2492b8b141","events":[{"runId":"2b665346a81f4aee8a6b200754b1ec4e","sessionKey":"web-smoke-attachment-0e243a1688fb4e429804dd2492b8b141","state":"delta","timestamp":1774151554722,"message":{"role":"assistant","text":"Model("}},{"runId":"2b665346a81f4aee8a6b200754b1ec4e","sessionKey":"web-smoke-attachment-0e243a1688fb4e429804dd2492b8b141","state":"delta","timestamp":1774151555080,"message":{"role":"assistant","text":"Model(default)"}}],"count":2}}
[TRACE][attachment] OUT {"method":"chat.events.poll","params":{"sessionKey":"web-smoke-attachment-0e243a1688fb4e429804dd2492b8b141","limit":50},"id":"5b3f9d04c4e64968aeb3d9f4efda51c3","type":"req"}
[TRACE][attachment] IN  {"type":"res","id":"5b3f9d04c4e64968aeb3d9f4efda51c3","ok":true,"payload":{"sessionKey":"web-smoke-attachment-0e243a1688fb4e429804dd2492b8b141","events":[{"runId":"2b665346a81f4aee8a6b200754b1ec4e","sessionKey":"web-smoke-attachment-0e243a1688fb4e429804dd2492b8b141","state":"delta","timestamp":1774151555690,"message":{"role":"assistant","text":"Model(default): webvie"}}],"count":1}}
[TRACE][attachment] OUT {"method":"chat.events.poll","params":{"sessionKey":"web-smoke-attachment-0e243a1688fb4e429804dd2492b8b141","limit":50},"id":"6072815c07ff4f06b0b3d2dd56a26d73","type":"req"}
[TRACE][attachment] IN  {"type":"res","id":"6072815c07ff4f06b0b3d2dd56a26d73","ok":true,"payload":{"sessionKey":"web-smoke-attachment-0e243a1688fb4e429804dd2492b8b141","events":[{"runId":"2b665346a81f4aee8a6b200754b1ec4e","sessionKey":"web-smoke-attachment-0e243a1688fb4e429804dd2492b8b141","state":"delta","timestamp":1774151555952,"message":{"role":"assistant","text":"Model(default): webview smoke "}}],"count":1}}
[TRACE][attachment] OUT {"method":"chat.events.poll","params":{"sessionKey":"web-smoke-attachment-0e243a1688fb4e429804dd2492b8b141","limit":50},"id":"ffa30b8677e1429aad0544bdef71aeec","type":"req"}
[TRACE][attachment] IN  {"type":"res","id":"ffa30b8677e1429aad0544bdef71aeec","ok":true,"payload":{"sessionKey":"web-smoke-attachment-0e243a1688fb4e429804dd2492b8b141","events":[{"runId":"2b665346a81f4aee8a6b200754b1ec4e","sessionKey":"web-smoke-attachment-0e243a1688fb4e429804dd2492b8b141","state":"delta","timestamp":1774151556236,"message":{"role":"assistant","text":"Model(default): webview smoke attachme"}}],"count":1}}
[TRACE][attachment] OUT {"method":"chat.events.poll","params":{"sessionKey":"web-smoke-attachment-0e243a1688fb4e429804dd2492b8b141","limit":50},"id":"3036682fb562487b9f68f77ed3a2afb4","type":"req"}
[TRACE][attachment] IN  {"type":"res","id":"3036682fb562487b9f68f77ed3a2afb4","ok":true,"payload":{"sessionKey":"web-smoke-attachment-0e243a1688fb4e429804dd2492b8b141","events":[{"runId":"2b665346a81f4aee8a6b200754b1ec4e","sessionKey":"web-smoke-attachment-0e243a1688fb4e429804dd2492b8b141","state":"delta","timestamp":1774151556753,"message":{"role":"assistant","text":"Model(default): webview smoke attachment"}},{"runId":"2b665346a81f4aee8a6b200754b1ec4e","sessionKey":"web-smoke-attachment-0e243a1688fb4e429804dd2492b8b141","state":"final","timestamp":1774151556753,"message":{"role":"assistant","content":[{"type":"text","text":"Model(default): webview smoke attachment"}],"timestamp":1774151556753}}],"count":2}}
[TRACE][attachment] OUT {"method":"chat.send","params":{"sessionKey":"main","deliver":false,"message":"","attachments":[{"mimeType":"image/png","type":"image"}],"idempotencyKey":"web-smoke-invalid-attachment-72ea1d27ca3c4ab7911f4c7eacf364e7"},"id":"92cf39d5888843a9a6be76282edcd5f8","type":"req"}
[TRACE][attachment] IN  {"type":"res","id":"92cf39d5888843a9a6be76282edcd5f8","ok":false,"error":{"code":"schema_invalid_response","message":"Expected success response (`ok=true`) for method fixture validation.","details":{"method":"chat.send"},"retryable":false}}
[TRACE][attachment] OUT {"method":"connect","params":{"protocol":3,"agent":"blazeclaw-det-verifier"},"id":"b3f349fcf5754ce49ce8d58d187598bc","type":"req"}
[TRACE][attachment] IN  {"type":"res","id":"b3f349fcf5754ce49ce8d58d187598bc","ok":false,"error":{"code":"schema_invalid_response","message":"Expected success response (`ok=true`) for method fixture validation.","details":{"method":"connect"},"retryable":false}}
[TRACE][attachment] DRAIN poll round=1/2
[TRACE][attachment] OUT {"method":"chat.events.poll","params":{"sessionKey":"web-smoke-attachment-d6835d40e9dd423da38bc26dafec9d2f","limit":50},"id":"f247d1ab93fd4c0c86b5c99daba7bf94","type":"req"}
[TRACE][attachment] IN  {"type":"res","id":"f247d1ab93fd4c0c86b5c99daba7bf94","ok":true,"payload":{"sessionKey":"web-smoke-attachment-d6835d40e9dd423da38bc26dafec9d2f","events":[],"count":0}}
[TRACE][attachment] DRAIN poll round=2/2
[TRACE][attachment] OUT {"method":"chat.events.poll","params":{"sessionKey":"web-smoke-attachment-d6835d40e9dd423da38bc26dafec9d2f","limit":50},"id":"de739dcc67a14701bae8b8f45fce6ca0","type":"req"}
[TRACE][attachment] IN  {"type":"res","id":"de739dcc67a14701bae8b8f45fce6ca0","ok":true,"payload":{"sessionKey":"web-smoke-attachment-d6835d40e9dd423da38bc26dafec9d2f","events":[],"count":0}}
[TRACE][attachment] OUT {"method":"chat.send","params":{"sessionKey":"web-smoke-attachment-d6835d40e9dd423da38bc26dafec9d2f","deliver":false,"message":"webview smoke attachment","attachments":[{"mimeType":"image/png","content":"AQ==","type":"image"}],"idempotencyKey":"web-smoke-attachment-724b4f99550b4593bf39041178673ed4"},"id":"3aa1a57068c64fe4924dc594e338af42","type":"req"}
[TRACE][attachment] IN  {"type":"res","id":"3aa1a57068c64fe4924dc594e338af42","ok":true,"payload":{"runId":"3aa1a57068c64fe4924dc594e338af42","backendErrorCode":null,"queued":true,"deduped":false}}
[TRACE][attachment] OUT {"method":"chat.events.poll","params":{"sessionKey":"web-smoke-attachment-d6835d40e9dd423da38bc26dafec9d2f","limit":50},"id":"1cc23a0f69624fb99f8d36b76ac1973a","type":"req"}
[TRACE][attachment] IN  {"type":"res","id":"1cc23a0f69624fb99f8d36b76ac1973a","ok":true,"payload":{"sessionKey":"web-smoke-attachment-d6835d40e9dd423da38bc26dafec9d2f","events":[{"runId":"3aa1a57068c64fe4924dc594e338af42","sessionKey":"web-smoke-attachment-d6835d40e9dd423da38bc26dafec9d2f","state":"delta","timestamp":1774151584267,"message":{"role":"assistant","text":"Model("}},{"runId":"3aa1a57068c64fe4924dc594e338af42","sessionKey":"web-smoke-attachment-d6835d40e9dd423da38bc26dafec9d2f","state":"delta","timestamp":1774151584534,"message":{"role":"assistant","text":"Model(default)"}}],"count":2}}
[TRACE][attachment] OUT {"method":"chat.events.poll","params":{"sessionKey":"web-smoke-attachment-d6835d40e9dd423da38bc26dafec9d2f","limit":50},"id":"f52c5f4e57c4461ab061b6ae82039411","type":"req"}
[TRACE][attachment] IN  {"type":"res","id":"f52c5f4e57c4461ab061b6ae82039411","ok":true,"payload":{"sessionKey":"web-smoke-attachment-d6835d40e9dd423da38bc26dafec9d2f","events":[{"runId":"3aa1a57068c64fe4924dc594e338af42","sessionKey":"web-smoke-attachment-d6835d40e9dd423da38bc26dafec9d2f","state":"delta","timestamp":1774151585045,"message":{"role":"assistant","text":"Model(default): webvie"}}],"count":1}}
[TRACE][attachment] OUT {"method":"chat.events.poll","params":{"sessionKey":"web-smoke-attachment-d6835d40e9dd423da38bc26dafec9d2f","limit":50},"id":"0f897392851f48f8b02d90a8c7b91623","type":"req"}
[TRACE][attachment] IN  {"type":"res","id":"0f897392851f48f8b02d90a8c7b91623","ok":true,"payload":{"sessionKey":"web-smoke-attachment-d6835d40e9dd423da38bc26dafec9d2f","events":[{"runId":"3aa1a57068c64fe4924dc594e338af42","sessionKey":"web-smoke-attachment-d6835d40e9dd423da38bc26dafec9d2f","state":"delta","timestamp":1774151585545,"message":{"role":"assistant","text":"Model(default): webview smoke "}}],"count":1}}
[TRACE][attachment] OUT {"method":"chat.events.poll","params":{"sessionKey":"web-smoke-attachment-d6835d40e9dd423da38bc26dafec9d2f","limit":50},"id":"17e2cdf90bca4ebe80f1c878f893e30e","type":"req"}
[TRACE][attachment] IN  {"type":"res","id":"17e2cdf90bca4ebe80f1c878f893e30e","ok":true,"payload":{"sessionKey":"web-smoke-attachment-d6835d40e9dd423da38bc26dafec9d2f","events":[{"runId":"3aa1a57068c64fe4924dc594e338af42","sessionKey":"web-smoke-attachment-d6835d40e9dd423da38bc26dafec9d2f","state":"delta","timestamp":1774151586036,"message":{"role":"assistant","text":"Model(default): webview smoke attachme"}}],"count":1}}
[TRACE][attachment] OUT {"method":"chat.events.poll","params":{"sessionKey":"web-smoke-attachment-d6835d40e9dd423da38bc26dafec9d2f","limit":50},"id":"1e4019ad18ef4b959a570e45809ee9fc","type":"req"}
[TRACE][attachment] IN  {"type":"res","id":"1e4019ad18ef4b959a570e45809ee9fc","ok":true,"payload":{"sessionKey":"web-smoke-attachment-d6835d40e9dd423da38bc26dafec9d2f","events":[{"runId":"3aa1a57068c64fe4924dc594e338af42","sessionKey":"web-smoke-attachment-d6835d40e9dd423da38bc26dafec9d2f","state":"delta","timestamp":1774151586546,"message":{"role":"assistant","text":"Model(default): webview smoke attachment"}},{"runId":"3aa1a57068c64fe4924dc594e338af42","sessionKey":"web-smoke-attachment-d6835d40e9dd423da38bc26dafec9d2f","state":"final","timestamp":1774151586546,"message":{"role":"assistant","content":[{"type":"text","text":"Model(default): webview smoke attachment"}],"timestamp":1774151586546}}],"count":2}}
[TRACE][attachment] OUT {"method":"chat.send","params":{"sessionKey":"web-smoke-attachment-d6835d40e9dd423da38bc26dafec9d2f","deliver":false,"message":"","attachments":[{"mimeType":"image/png","type":"image"}],"idempotencyKey":"web-smoke-invalid-attachment-7fe8ded2d77c4b7f9942b548593eeb1d"},"id":"9c8cacd6f59240e89233c0c2504fd701","type":"req"}
[TRACE][attachment] IN  {"type":"res","id":"9c8cacd6f59240e89233c0c2504fd701","ok":false,"error":{"code":"schema_invalid_response","message":"Expected success response (`ok=true`) for method fixture validation.","details":{"method":"chat.send"},"retryable":false}}
[TRACE][attachment] OUT {"method":"connect","params":{"protocol":3,"agent":"blazeclaw-det-verifier"},"id":"373e59a6c516450aa34cf6bae85dbda7","type":"req"}
[TRACE][attachment] IN  {"type":"res","id":"373e59a6c516450aa34cf6bae85dbda7","ok":false,"error":{"code":"schema_invalid_response","message":"Expected success response (`ok=true`) for method fixture validation.","details":{"method":"connect"},"retryable":false}}
[TRACE][attachment] DRAIN poll round=1/2
[TRACE][attachment] OUT {"method":"chat.events.poll","params":{"sessionKey":"web-smoke-attachment-18b82e94acc54ac69e7bde3b9be4ded7","limit":50},"id":"a608e9fe70d747259239af56d378ed41","type":"req"}
[TRACE][attachment] IN  {"type":"res","id":"a608e9fe70d747259239af56d378ed41","ok":true,"payload":{"sessionKey":"web-smoke-attachment-18b82e94acc54ac69e7bde3b9be4ded7","events":[],"count":0}}
[TRACE][attachment] DRAIN poll round=2/2
[TRACE][attachment] OUT {"method":"chat.events.poll","params":{"sessionKey":"web-smoke-attachment-18b82e94acc54ac69e7bde3b9be4ded7","limit":50},"id":"65d465a28ecb4a1fb314ca6bd8b48937","type":"req"}
[TRACE][attachment] IN  {"type":"res","id":"65d465a28ecb4a1fb314ca6bd8b48937","ok":true,"payload":{"sessionKey":"web-smoke-attachment-18b82e94acc54ac69e7bde3b9be4ded7","events":[],"count":0}}
[TRACE][attachment] OUT {"method":"chat.send","params":{"sessionKey":"web-smoke-attachment-18b82e94acc54ac69e7bde3b9be4ded7","deliver":false,"message":"webview smoke attachment","attachments":[{"mimeType":"image/png","content":"AQ==","type":"image"}],"idempotencyKey":"web-smoke-attachment-391d1310f7e2498caf67b838b77d7576"},"id":"0db9978493ee493e8c4027c562be8247","type":"req"}
[TRACE][attachment] IN  {"type":"res","id":"0db9978493ee493e8c4027c562be8247","ok":true,"payload":{"runId":"0db9978493ee493e8c4027c562be8247","backendErrorCode":null,"queued":true,"deduped":false}}
[TRACE][attachment] OUT {"method":"chat.events.poll","params":{"sessionKey":"web-smoke-attachment-18b82e94acc54ac69e7bde3b9be4ded7","limit":50},"id":"813829f539f94ac6a82ca667a77c4b8f","type":"req"}
[TRACE][attachment] IN  {"type":"res","id":"813829f539f94ac6a82ca667a77c4b8f","ok":true,"payload":{"sessionKey":"web-smoke-attachment-18b82e94acc54ac69e7bde3b9be4ded7","events":[{"runId":"0db9978493ee493e8c4027c562be8247","sessionKey":"web-smoke-attachment-18b82e94acc54ac69e7bde3b9be4ded7","state":"delta","timestamp":1774151606207,"message":{"role":"assistant","text":"Model("}},{"runId":"0db9978493ee493e8c4027c562be8247","sessionKey":"web-smoke-attachment-18b82e94acc54ac69e7bde3b9be4ded7","state":"delta","timestamp":1774151606390,"message":{"role":"assistant","text":"Model(default)"}}],"count":2}}
[TRACE][attachment] OUT {"method":"chat.events.poll","params":{"sessionKey":"web-smoke-attachment-18b82e94acc54ac69e7bde3b9be4ded7","limit":50},"id":"5a2f190db2ad4356a18f2a3ce852ca73","type":"req"}
[TRACE][attachment] IN  {"type":"res","id":"5a2f190db2ad4356a18f2a3ce852ca73","ok":true,"payload":{"sessionKey":"web-smoke-attachment-18b82e94acc54ac69e7bde3b9be4ded7","events":[{"runId":"0db9978493ee493e8c4027c562be8247","sessionKey":"web-smoke-attachment-18b82e94acc54ac69e7bde3b9be4ded7","state":"delta","timestamp":1774151606718,"message":{"role":"assistant","text":"Model(default): webvie"}}],"count":1}}
[TRACE][attachment] OUT {"method":"chat.events.poll","params":{"sessionKey":"web-smoke-attachment-18b82e94acc54ac69e7bde3b9be4ded7","limit":50},"id":"8d9892155ed649189496bd9f7da9cfd6","type":"req"}
[TRACE][attachment] IN  {"type":"res","id":"8d9892155ed649189496bd9f7da9cfd6","ok":true,"payload":{"sessionKey":"web-smoke-attachment-18b82e94acc54ac69e7bde3b9be4ded7","events":[{"runId":"0db9978493ee493e8c4027c562be8247","sessionKey":"web-smoke-attachment-18b82e94acc54ac69e7bde3b9be4ded7","state":"delta","timestamp":1774151607230,"message":{"role":"assistant","text":"Model(default): webview smoke "}}],"count":1}}
[TRACE][attachment] OUT {"method":"chat.events.poll","params":{"sessionKey":"web-smoke-attachment-18b82e94acc54ac69e7bde3b9be4ded7","limit":50},"id":"edc9e631f41246dd9ca0bc4f5fb65ea6","type":"req"}
[TRACE][attachment] IN  {"type":"res","id":"edc9e631f41246dd9ca0bc4f5fb65ea6","ok":true,"payload":{"sessionKey":"web-smoke-attachment-18b82e94acc54ac69e7bde3b9be4ded7","events":[{"runId":"0db9978493ee493e8c4027c562be8247","sessionKey":"web-smoke-attachment-18b82e94acc54ac69e7bde3b9be4ded7","state":"delta","timestamp":1774151607585,"message":{"role":"assistant","text":"Model(default): webview smoke attachme"}}],"count":1}}
[TRACE][attachment] OUT {"method":"chat.events.poll","params":{"sessionKey":"web-smoke-attachment-18b82e94acc54ac69e7bde3b9be4ded7","limit":50},"id":"6fa3c61bff264f6391e35cfcc0b50faa","type":"req"}
[TRACE][attachment] IN  {"type":"res","id":"6fa3c61bff264f6391e35cfcc0b50faa","ok":true,"payload":{"sessionKey":"web-smoke-attachment-18b82e94acc54ac69e7bde3b9be4ded7","events":[{"runId":"0db9978493ee493e8c4027c562be8247","sessionKey":"web-smoke-attachment-18b82e94acc54ac69e7bde3b9be4ded7","state":"delta","timestamp":1774151608236,"message":{"role":"assistant","text":"Model(default): webview smoke attachment"}},{"runId":"0db9978493ee493e8c4027c562be8247","sessionKey":"web-smoke-attachment-18b82e94acc54ac69e7bde3b9be4ded7","state":"final","timestamp":1774151608236,"message":{"role":"assistant","content":[{"type":"text","text":"Model(default): webview smoke attachment"}],"timestamp":1774151608236}}],"count":2}}
[TRACE][attachment] OUT {"method":"chat.send","params":{"sessionKey":"web-smoke-attachment-18b82e94acc54ac69e7bde3b9be4ded7","deliver":false,"message":"","attachments":[{"mimeType":"image/png","type":"image"}],"idempotencyKey":"web-smoke-invalid-attachment-92cabb8a10f44899888a3d6cbcc3d14d"},"id":"7838e6d6573e488896a1783f2a1d9838","type":"req"}
[TRACE][attachment] IN  {"type":"res","id":"7838e6d6573e488896a1783f2a1d9838","ok":false,"error":{"code":"schema_invalid_response","message":"Expected success response (`ok=true`) for method fixture validation.","details":{"method":"chat.send"},"retryable":false}}
[TRACE][attachment] invalid attachment response: ["[TRACE][attachment] IN  {\"type\":\"res\",\"id\":\"7838e6d6573e488896a1783f2a1d9838\",\"ok\":false,\"error\":{\"code\":\"schema_invalid_response\",\"message\":\"Expected success response (`ok=true`) for method fixture validation.\",\"details\":{\"method\":\"chat.send\"},\"retryable\":false}}",{"type":"res","id":"7838e6d6573e488896a1783f2a1d9838","ok":false,"error":{"code":"schema_invalid_response","message":"Expected success response (`ok=true`) for method fixture validation.","details":"@{method=chat.send}","retryable":false}}]
[TRACE][attachment] OUT {"method":"connect","params":{"protocol":3,"agent":"blazeclaw-det-verifier"},"id":"6523a9c66486404fb41e0f9935c7a1bc","type":"req"}
[TRACE][attachment] IN  {"type":"res","id":"6523a9c66486404fb41e0f9935c7a1bc","ok":false,"error":{"code":"schema_invalid_response","message":"Expected success response (`ok=true`) for method fixture validation.","details":{"method":"connect"},"retryable":false}}
[TRACE][attachment] DRAIN poll round=1/2
[TRACE][attachment] OUT {"method":"chat.events.poll","params":{"sessionKey":"web-smoke-attachment-aac70bf584184e33945d79187d8c22a4","limit":50},"id":"e63b24eb74954c469be230ef753ec492","type":"req"}
[TRACE][attachment] IN  {"type":"res","id":"e63b24eb74954c469be230ef753ec492","ok":true,"payload":{"sessionKey":"web-smoke-attachment-aac70bf584184e33945d79187d8c22a4","events":[],"count":0}}
[TRACE][attachment] DRAIN poll round=2/2
[TRACE][attachment] OUT {"method":"chat.events.poll","params":{"sessionKey":"web-smoke-attachment-aac70bf584184e33945d79187d8c22a4","limit":50},"id":"2d4e84a437824199a24aba388b8b9413","type":"req"}
[TRACE][attachment] IN  {"type":"res","id":"2d4e84a437824199a24aba388b8b9413","ok":true,"payload":{"sessionKey":"web-smoke-attachment-aac70bf584184e33945d79187d8c22a4","events":[],"count":0}}
[TRACE][attachment] OUT {"method":"chat.send","params":{"sessionKey":"web-smoke-attachment-aac70bf584184e33945d79187d8c22a4","deliver":false,"message":"webview smoke attachment","attachments":[{"mimeType":"image/png","content":"AQ==","type":"image"}],"idempotencyKey":"web-smoke-attachment-2ee93c49e06a4313a0d2adb85722eee0"},"id":"ad4f8272c9114111b1e0ad4b7f5424fa","type":"req"}
[TRACE][attachment] IN  {"type":"res","id":"ad4f8272c9114111b1e0ad4b7f5424fa","ok":true,"payload":{"runId":"ad4f8272c9114111b1e0ad4b7f5424fa","backendErrorCode":null,"queued":true,"deduped":false}}
[TRACE][attachment] attachment send response: ["[TRACE][attachment] IN  {\"type\":\"res\",\"id\":\"ad4f8272c9114111b1e0ad4b7f5424fa\",\"ok\":true,\"payload\":{\"runId\":\"ad4f8272c9114111b1e0ad4b7f5424fa\",\"backendErrorCode\":null,\"queued\":true,\"deduped\":false}}",{"type":"res","id":"ad4f8272c9114111b1e0ad4b7f5424fa","ok":true,"payload":{"runId":"ad4f8272c9114111b1e0ad4b7f5424fa","backendErrorCode":null,"queued":true,"deduped":false}}]
[TRACE][attachment] OUT {"method":"chat.events.poll","params":{"sessionKey":"web-smoke-attachment-aac70bf584184e33945d79187d8c22a4","limit":50},"id":"5298c1912ea44397a008dcd2213326ed","type":"req"}
[TRACE][attachment] IN  {"type":"res","id":"5298c1912ea44397a008dcd2213326ed","ok":true,"payload":{"sessionKey":"web-smoke-attachment-aac70bf584184e33945d79187d8c22a4","events":[{"runId":"ad4f8272c9114111b1e0ad4b7f5424fa","sessionKey":"web-smoke-attachment-aac70bf584184e33945d79187d8c22a4","state":"delta","timestamp":1774151640511,"message":{"role":"assistant","text":"Model("}}],"count":1}}
[TRACE][attachment] OUT {"method":"chat.events.poll","params":{"sessionKey":"web-smoke-attachment-aac70bf584184e33945d79187d8c22a4","limit":50},"id":"c124e42886f24becba2169dac6cd6254","type":"req"}
[TRACE][attachment] IN  {"type":"res","id":"c124e42886f24becba2169dac6cd6254","ok":true,"payload":{"sessionKey":"web-smoke-attachment-aac70bf584184e33945d79187d8c22a4","events":[{"runId":"ad4f8272c9114111b1e0ad4b7f5424fa","sessionKey":"web-smoke-attachment-aac70bf584184e33945d79187d8c22a4","state":"delta","timestamp":1774151641011,"message":{"role":"assistant","text":"Model(default)"}}],"count":1}}
[TRACE][attachment] OUT {"method":"chat.events.poll","params":{"sessionKey":"web-smoke-attachment-aac70bf584184e33945d79187d8c22a4","limit":50},"id":"0e90a356475347debe3ac22f930aa57b","type":"req"}
[TRACE][attachment] IN  {"type":"res","id":"0e90a356475347debe3ac22f930aa57b","ok":true,"payload":{"sessionKey":"web-smoke-attachment-aac70bf584184e33945d79187d8c22a4","events":[{"runId":"ad4f8272c9114111b1e0ad4b7f5424fa","sessionKey":"web-smoke-attachment-aac70bf584184e33945d79187d8c22a4","state":"delta","timestamp":1774151641504,"message":{"role":"assistant","text":"Model(default): webvie"}}],"count":1}}
[TRACE][attachment] OUT {"method":"chat.events.poll","params":{"sessionKey":"web-smoke-attachment-aac70bf584184e33945d79187d8c22a4","limit":50},"id":"1713d963ade14fd6992d6866c7366816","type":"req"}
[TRACE][attachment] IN  {"type":"res","id":"1713d963ade14fd6992d6866c7366816","ok":true,"payload":{"sessionKey":"web-smoke-attachment-aac70bf584184e33945d79187d8c22a4","events":[{"runId":"ad4f8272c9114111b1e0ad4b7f5424fa","sessionKey":"web-smoke-attachment-aac70bf584184e33945d79187d8c22a4","state":"delta","timestamp":1774151642017,"message":{"role":"assistant","text":"Model(default): webview smoke "}}],"count":1}}
[TRACE][attachment] OUT {"method":"chat.events.poll","params":{"sessionKey":"web-smoke-attachment-aac70bf584184e33945d79187d8c22a4","limit":50},"id":"5527725a1bba477ea356d1b45f1d8341","type":"req"}
[TRACE][attachment] IN  {"type":"res","id":"5527725a1bba477ea356d1b45f1d8341","ok":true,"payload":{"sessionKey":"web-smoke-attachment-aac70bf584184e33945d79187d8c22a4","events":[{"runId":"ad4f8272c9114111b1e0ad4b7f5424fa","sessionKey":"web-smoke-attachment-aac70bf584184e33945d79187d8c22a4","state":"delta","timestamp":1774151642530,"message":{"role":"assistant","text":"Model(default): webview smoke attachme"}}],"count":1}}
[TRACE][attachment] OUT {"method":"chat.events.poll","params":{"sessionKey":"web-smoke-attachment-aac70bf584184e33945d79187d8c22a4","limit":50},"id":"d23a4b6b3f11443a844886e1321053fd","type":"req"}
[TRACE][attachment] IN  {"type":"res","id":"d23a4b6b3f11443a844886e1321053fd","ok":true,"payload":{"sessionKey":"web-smoke-attachment-aac70bf584184e33945d79187d8c22a4","events":[{"runId":"ad4f8272c9114111b1e0ad4b7f5424fa","sessionKey":"web-smoke-attachment-aac70bf584184e33945d79187d8c22a4","state":"delta","timestamp":1774151642877,"message":{"role":"assistant","text":"Model(default): webview smoke attachment"}},{"runId":"ad4f8272c9114111b1e0ad4b7f5424fa","sessionKey":"web-smoke-attachment-aac70bf584184e33945d79187d8c22a4","state":"final","timestamp":1774151642877,"message":{"role":"assistant","content":[{"type":"text","text":"Model(default): webview smoke attachment"}],"timestamp":1774151642877}}],"count":2}}
[TRACE][attachment] OUT {"method":"chat.send","params":{"sessionKey":"web-smoke-attachment-aac70bf584184e33945d79187d8c22a4","deliver":false,"message":"","attachments":[{"mimeType":"image/png","type":"image"}],"idempotencyKey":"web-smoke-invalid-attachment-5ecb10e02cb94232a518a3d0b805a4b3"},"id":"a4d5f738f9894578afe6592a852c0ac5","type":"req"}
[TRACE][attachment] IN  {"type":"res","id":"a4d5f738f9894578afe6592a852c0ac5","ok":false,"error":{"code":"schema_invalid_response","message":"Expected success response (`ok=true`) for method fixture validation.","details":{"method":"chat.send"},"retryable":false}}
[TRACE][attachment] invalid attachment response: ["[TRACE][attachment] IN  {\"type\":\"res\",\"id\":\"a4d5f738f9894578afe6592a852c0ac5\",\"ok\":false,\"error\":{\"code\":\"schema_invalid_response\",\"message\":\"Expected success response (`ok=true`) for method fixture validation.\",\"details\":{\"method\":\"chat.send\"},\"retryable\":false}}",{"type":"res","id":"a4d5f738f9894578afe6592a852c0ac5","ok":false,"error":{"code":"schema_invalid_response","message":"Expected success response (`ok=true`) for method fixture validation.","details":"@{method=chat.send}","retryable":false}}]
[TRACE][attachment] OUT {"method":"connect","params":{"protocol":3,"agent":"blazeclaw-det-verifier"},"id":"cfe61582ac544d0c8b696279534064a2","type":"req"}
[TRACE][attachment] IN  {"type":"res","id":"cfe61582ac544d0c8b696279534064a2","ok":false,"error":{"code":"schema_invalid_response","message":"Expected success response (`ok=true`) for method fixture validation.","details":{"method":"connect"},"retryable":false}}
[TRACE][attachment] DRAIN poll round=1/2
[TRACE][attachment] OUT {"method":"chat.events.poll","params":{"sessionKey":"web-smoke-attachment-c9b06e2cf83b48e0a975ae3246c5e6bf","limit":50},"id":"9f1c6d8d333648d19e508b5a792587ce","type":"req"}
[TRACE][attachment] IN  {"type":"res","id":"9f1c6d8d333648d19e508b5a792587ce","ok":true,"payload":{"sessionKey":"web-smoke-attachment-c9b06e2cf83b48e0a975ae3246c5e6bf","events":[],"count":0}}
[TRACE][attachment] DRAIN poll round=2/2
[TRACE][attachment] OUT {"method":"chat.events.poll","params":{"sessionKey":"web-smoke-attachment-c9b06e2cf83b48e0a975ae3246c5e6bf","limit":50},"id":"0909c3b7a763428a985d550a03d82c06","type":"req"}
[TRACE][attachment] IN  {"type":"res","id":"0909c3b7a763428a985d550a03d82c06","ok":true,"payload":{"sessionKey":"web-smoke-attachment-c9b06e2cf83b48e0a975ae3246c5e6bf","events":[],"count":0}}
[TRACE][attachment] OUT {"method":"chat.send","params":{"sessionKey":"web-smoke-attachment-c9b06e2cf83b48e0a975ae3246c5e6bf","deliver":false,"message":"webview smoke attachment","attachments":[{"mimeType":"image/png","content":"AQ==","type":"image"}],"idempotencyKey":"web-smoke-attachment-9a10fee8f03a41fdb5a68355e8962c74"},"id":"7448ba8b45a449c491411b0a0b1156ba","type":"req"}
[TRACE][attachment] IN  {"type":"res","id":"7448ba8b45a449c491411b0a0b1156ba","ok":true,"payload":{"runId":"7448ba8b45a449c491411b0a0b1156ba","backendErrorCode":null,"queued":true,"deduped":false}}
[TRACE][attachment] attachment send response: ["[TRACE][attachment] IN  {\"type\":\"res\",\"id\":\"7448ba8b45a449c491411b0a0b1156ba\",\"ok\":true,\"payload\":{\"runId\":\"7448ba8b45a449c491411b0a0b1156ba\",\"backendErrorCode\":null,\"queued\":true,\"deduped\":false}}",{"type":"res","id":"7448ba8b45a449c491411b0a0b1156ba","ok":true,"payload":{"runId":"7448ba8b45a449c491411b0a0b1156ba","backendErrorCode":null,"queued":true,"deduped":false}}]
[TRACE][attachment] OUT {"method":"chat.events.poll","params":{"sessionKey":"web-smoke-attachment-c9b06e2cf83b48e0a975ae3246c5e6bf","limit":50},"id":"a7dbe7d6d1bf458e945f41c42b872330","type":"req"}
[TRACE][attachment] IN  {"type":"res","id":"a7dbe7d6d1bf458e945f41c42b872330","ok":true,"payload":{"sessionKey":"web-smoke-attachment-c9b06e2cf83b48e0a975ae3246c5e6bf","events":[{"runId":"7448ba8b45a449c491411b0a0b1156ba","sessionKey":"web-smoke-attachment-c9b06e2cf83b48e0a975ae3246c5e6bf","state":"delta","timestamp":1774151698462,"message":{"role":"assistant","text":"Model("}},{"runId":"7448ba8b45a449c491411b0a0b1156ba","sessionKey":"web-smoke-attachment-c9b06e2cf83b48e0a975ae3246c5e6bf","state":"delta","timestamp":1774151698727,"message":{"role":"assistant","text":"Model(default)"}}],"count":2}}
[TRACE][attachment] OUT {"method":"chat.events.poll","params":{"sessionKey":"web-smoke-attachment-c9b06e2cf83b48e0a975ae3246c5e6bf","limit":50},"id":"aafcd7d6ac07451e90f2cd9b6cdebd16","type":"req"}
[TRACE][attachment] IN  {"type":"res","id":"aafcd7d6ac07451e90f2cd9b6cdebd16","ok":true,"payload":{"sessionKey":"web-smoke-attachment-c9b06e2cf83b48e0a975ae3246c5e6bf","events":[{"runId":"7448ba8b45a449c491411b0a0b1156ba","sessionKey":"web-smoke-attachment-c9b06e2cf83b48e0a975ae3246c5e6bf","state":"delta","timestamp":1774151699064,"message":{"role":"assistant","text":"Model(default): webvie"}}],"count":1}}
[TRACE][attachment] OUT {"method":"chat.events.poll","params":{"sessionKey":"web-smoke-attachment-c9b06e2cf83b48e0a975ae3246c5e6bf","limit":50},"id":"2a657aff096d466d98af99861f6c41d6","type":"req"}
[TRACE][attachment] IN  {"type":"res","id":"2a657aff096d466d98af99861f6c41d6","ok":true,"payload":{"sessionKey":"web-smoke-attachment-c9b06e2cf83b48e0a975ae3246c5e6bf","events":[{"runId":"7448ba8b45a449c491411b0a0b1156ba","sessionKey":"web-smoke-attachment-c9b06e2cf83b48e0a975ae3246c5e6bf","state":"delta","timestamp":1774151699326,"message":{"role":"assistant","text":"Model(default): webview smoke "}}],"count":1}}
[TRACE][attachment] OUT {"method":"chat.events.poll","params":{"sessionKey":"web-smoke-attachment-c9b06e2cf83b48e0a975ae3246c5e6bf","limit":50},"id":"f81f1a2d51854adb9dc012e2645726bd","type":"req"}
[TRACE][attachment] IN  {"type":"res","id":"f81f1a2d51854adb9dc012e2645726bd","ok":true,"payload":{"sessionKey":"web-smoke-attachment-c9b06e2cf83b48e0a975ae3246c5e6bf","events":[{"runId":"7448ba8b45a449c491411b0a0b1156ba","sessionKey":"web-smoke-attachment-c9b06e2cf83b48e0a975ae3246c5e6bf","state":"delta","timestamp":1774151699614,"message":{"role":"assistant","text":"Model(default): webview smoke attachme"}}],"count":1}}
[TRACE][attachment] OUT {"method":"chat.events.poll","params":{"sessionKey":"web-smoke-attachment-c9b06e2cf83b48e0a975ae3246c5e6bf","limit":50},"id":"22197c8d74384b12b08304ff5f662f60","type":"req"}
[TRACE][attachment] IN  {"type":"res","id":"22197c8d74384b12b08304ff5f662f60","ok":true,"payload":{"sessionKey":"web-smoke-attachment-c9b06e2cf83b48e0a975ae3246c5e6bf","events":[{"runId":"7448ba8b45a449c491411b0a0b1156ba","sessionKey":"web-smoke-attachment-c9b06e2cf83b48e0a975ae3246c5e6bf","state":"delta","timestamp":1774151699898,"message":{"role":"assistant","text":"Model(default): webview smoke attachment"}},{"runId":"7448ba8b45a449c491411b0a0b1156ba","sessionKey":"web-smoke-attachment-c9b06e2cf83b48e0a975ae3246c5e6bf","state":"final","timestamp":1774151699898,"message":{"role":"assistant","content":[{"type":"text","text":"Model(default): webview smoke attachment"}],"timestamp":1774151699898}}],"count":2}}
[TRACE][attachment] OUT {"method":"chat.send","params":{"sessionKey":"web-smoke-attachment-c9b06e2cf83b48e0a975ae3246c5e6bf","deliver":false,"message":"","attachments":[{"mimeType":"image/png","type":"image"}],"idempotencyKey":"web-smoke-invalid-attachment-a6d50710d96444eb9f75a3cf6ed9f66a"},"id":"64b7d9316f634d4c9a2e3d6a0c730175","type":"req"}
[TRACE][attachment] IN  {"type":"res","id":"64b7d9316f634d4c9a2e3d6a0c730175","ok":false,"error":{"code":"schema_invalid_response","message":"Expected success response (`ok=true`) for method fixture validation.","details":{"method":"chat.send"},"retryable":false}}
[TRACE][attachment] invalid attachment response: ["[TRACE][attachment] IN  {\"type\":\"res\",\"id\":\"64b7d9316f634d4c9a2e3d6a0c730175\",\"ok\":false,\"error\":{\"code\":\"schema_invalid_response\",\"message\":\"Expected success response (`ok=true`) for method fixture validation.\",\"details\":{\"method\":\"chat.send\"},\"retryable\":false}}",{"type":"res","id":"64b7d9316f634d4c9a2e3d6a0c730175","ok":false,"error":{"code":"schema_invalid_response","message":"Expected success response (`ok=true`) for method fixture validation.","details":"@{method=chat.send}","retryable":false}}]
[TRACE][attachment] OUT {"method":"connect","params":{"protocol":3,"agent":"blazeclaw-det-verifier"},"id":"d565d4fb68c34cf19f015eb81c587f27","type":"req"}
[TRACE][attachment] IN  {"type":"res","id":"d565d4fb68c34cf19f015eb81c587f27","ok":false,"error":{"code":"schema_invalid_response","message":"Expected success response (`ok=true`) for method fixture validation.","details":{"method":"connect"},"retryable":false}}
[TRACE][attachment] DRAIN poll round=1/2
[TRACE][attachment] OUT {"method":"chat.events.poll","params":{"sessionKey":"web-smoke-attachment-77022ab786d9487cafcff2e3af238e32","limit":50},"id":"0f2d171722754dcfa09323323bbae5f8","type":"req"}
[TRACE][attachment] IN  {"type":"res","id":"0f2d171722754dcfa09323323bbae5f8","ok":true,"payload":{"sessionKey":"web-smoke-attachment-77022ab786d9487cafcff2e3af238e32","events":[],"count":0}}
[TRACE][attachment] DRAIN poll round=2/2
[TRACE][attachment] OUT {"method":"chat.events.poll","params":{"sessionKey":"web-smoke-attachment-77022ab786d9487cafcff2e3af238e32","limit":50},"id":"2236aeb88bb5482b8ebf50ea7ab468ed","type":"req"}
[TRACE][attachment] IN  {"type":"res","id":"2236aeb88bb5482b8ebf50ea7ab468ed","ok":true,"payload":{"sessionKey":"web-smoke-attachment-77022ab786d9487cafcff2e3af238e32","events":[],"count":0}}
[TRACE][attachment] OUT {"method":"chat.send","params":{"sessionKey":"web-smoke-attachment-77022ab786d9487cafcff2e3af238e32","deliver":false,"message":"webview smoke attachment","attachments":[{"mimeType":"image/png","content":"AQ==","type":"image"}],"idempotencyKey":"web-smoke-attachment-734725e718c34ecb91a016709c4d32d0"},"id":"b225f7d567e544daaa9539dd5f6a40a5","type":"req"}
[TRACE][attachment] IN  {"type":"res","id":"b225f7d567e544daaa9539dd5f6a40a5","ok":true,"payload":{"runId":"b225f7d567e544daaa9539dd5f6a40a5","backendErrorCode":null,"queued":true,"deduped":false}}
[TRACE][attachment] attachment send response: ["[TRACE][attachment] IN  {\"type\":\"res\",\"id\":\"b225f7d567e544daaa9539dd5f6a40a5\",\"ok\":true,\"payload\":{\"runId\":\"b225f7d567e544daaa9539dd5f6a40a5\",\"backendErrorCode\":null,\"queued\":true,\"deduped\":false}}",{"type":"res","id":"b225f7d567e544daaa9539dd5f6a40a5","ok":true,"payload":{"runId":"b225f7d567e544daaa9539dd5f6a40a5","backendErrorCode":null,"queued":true,"deduped":false}}]
[TRACE][attachment] OUT {"method":"chat.events.poll","params":{"sessionKey":"web-smoke-attachment-77022ab786d9487cafcff2e3af238e32","limit":50},"id":"4c9d8c40adac4016b2ea9c68a6afda52","type":"req"}
[TRACE][attachment] IN  {"type":"res","id":"4c9d8c40adac4016b2ea9c68a6afda52","ok":true,"payload":{"sessionKey":"web-smoke-attachment-77022ab786d9487cafcff2e3af238e32","events":[{"runId":"b225f7d567e544daaa9539dd5f6a40a5","sessionKey":"web-smoke-attachment-77022ab786d9487cafcff2e3af238e32","state":"delta","timestamp":1774151716892,"message":{"role":"assistant","text":"Model("}}],"count":1}}
[TRACE][attachment] OUT {"method":"chat.events.poll","params":{"sessionKey":"web-smoke-attachment-77022ab786d9487cafcff2e3af238e32","limit":50},"id":"ffb2c197ed424d86af603b97b6a52e8e","type":"req"}
[TRACE][attachment] IN  {"type":"res","id":"ffb2c197ed424d86af603b97b6a52e8e","ok":true,"payload":{"sessionKey":"web-smoke-attachment-77022ab786d9487cafcff2e3af238e32","events":[{"runId":"b225f7d567e544daaa9539dd5f6a40a5","sessionKey":"web-smoke-attachment-77022ab786d9487cafcff2e3af238e32","state":"delta","timestamp":1774151717623,"message":{"role":"assistant","text":"Model(default)"}}],"count":1}}
[TRACE][attachment] OUT {"method":"chat.events.poll","params":{"sessionKey":"web-smoke-attachment-77022ab786d9487cafcff2e3af238e32","limit":50},"id":"b8e60cb1f3e8488785d1f637072f432a","type":"req"}
[TRACE][attachment] IN  {"type":"res","id":"b8e60cb1f3e8488785d1f637072f432a","ok":true,"payload":{"sessionKey":"web-smoke-attachment-77022ab786d9487cafcff2e3af238e32","events":[{"runId":"b225f7d567e544daaa9539dd5f6a40a5","sessionKey":"web-smoke-attachment-77022ab786d9487cafcff2e3af238e32","state":"delta","timestamp":1774151717915,"message":{"role":"assistant","text":"Model(default): webvie"}}],"count":1}}
[TRACE][attachment] OUT {"method":"chat.events.poll","params":{"sessionKey":"web-smoke-attachment-77022ab786d9487cafcff2e3af238e32","limit":50},"id":"d87f37531c89469fb2500c6b1f3bc01f","type":"req"}
[TRACE][attachment] IN  {"type":"res","id":"d87f37531c89469fb2500c6b1f3bc01f","ok":true,"payload":{"sessionKey":"web-smoke-attachment-77022ab786d9487cafcff2e3af238e32","events":[{"runId":"b225f7d567e544daaa9539dd5f6a40a5","sessionKey":"web-smoke-attachment-77022ab786d9487cafcff2e3af238e32","state":"delta","timestamp":1774151718611,"message":{"role":"assistant","text":"Model(default): webview smoke "}}],"count":1}}
[TRACE][attachment] OUT {"method":"chat.events.poll","params":{"sessionKey":"web-smoke-attachment-77022ab786d9487cafcff2e3af238e32","limit":50},"id":"625b822505014c88a78923b1a4a1e9c3","type":"req"}
[TRACE][attachment] IN  {"type":"res","id":"625b822505014c88a78923b1a4a1e9c3","ok":true,"payload":{"sessionKey":"web-smoke-attachment-77022ab786d9487cafcff2e3af238e32","events":[{"runId":"b225f7d567e544daaa9539dd5f6a40a5","sessionKey":"web-smoke-attachment-77022ab786d9487cafcff2e3af238e32","state":"delta","timestamp":1774151718924,"message":{"role":"assistant","text":"Model(default): webview smoke attachme"}}],"count":1}}
[TRACE][attachment] OUT {"method":"chat.events.poll","params":{"sessionKey":"web-smoke-attachment-77022ab786d9487cafcff2e3af238e32","limit":50},"id":"abf7c51f78d74c1f9b7e3bad84d409d1","type":"req"}
[TRACE][attachment] IN  {"type":"res","id":"abf7c51f78d74c1f9b7e3bad84d409d1","ok":true,"payload":{"sessionKey":"web-smoke-attachment-77022ab786d9487cafcff2e3af238e32","events":[{"runId":"b225f7d567e544daaa9539dd5f6a40a5","sessionKey":"web-smoke-attachment-77022ab786d9487cafcff2e3af238e32","state":"delta","timestamp":1774151719656,"message":{"role":"assistant","text":"Model(default): webview smoke attachment"}},{"runId":"b225f7d567e544daaa9539dd5f6a40a5","sessionKey":"web-smoke-attachment-77022ab786d9487cafcff2e3af238e32","state":"final","timestamp":1774151719656,"message":{"role":"assistant","content":[{"type":"text","text":"Model(default): webview smoke attachment"}],"timestamp":1774151719656}}],"count":2}}
[TRACE][attachment] OUT {"method":"chat.send","params":{"sessionKey":"web-smoke-attachment-77022ab786d9487cafcff2e3af238e32","deliver":false,"message":"","attachments":[{"mimeType":"image/png","type":"image"}],"idempotencyKey":"web-smoke-invalid-attachment-6bf4a030b72c4a1d902158a976df7ce1"},"id":"5dd3174264cf427eb2ec5073591732aa","type":"req"}
[TRACE][attachment] IN  {"type":"res","id":"5dd3174264cf427eb2ec5073591732aa","ok":false,"error":{"code":"schema_invalid_response","message":"Expected success response (`ok=true`) for method fixture validation.","details":{"method":"chat.send"},"retryable":false}}
[TRACE][attachment] invalid attachment response: ["[TRACE][attachment] IN  {\"type\":\"res\",\"id\":\"5dd3174264cf427eb2ec5073591732aa\",\"ok\":false,\"error\":{\"code\":\"schema_invalid_response\",\"message\":\"Expected success response (`ok=true`) for method fixture validation.\",\"details\":{\"method\":\"chat.send\"},\"retryable\":false}}",{"type":"res","id":"5dd3174264cf427eb2ec5073591732aa","ok":false,"error":{"code":"schema_invalid_response","message":"Expected success response (`ok=true`) for method fixture validation.","details":"@{method=chat.send}","retryable":false}}]
[TRACE][attachment] OUT {"method":"connect","params":{"protocol":3,"agent":"blazeclaw-det-verifier"},"id":"6cb145706faa4fc7a3d32ed68623d416","type":"req"}
[TRACE][attachment] IN  {"type":"res","id":"6cb145706faa4fc7a3d32ed68623d416","ok":false,"error":{"code":"schema_invalid_response","message":"Expected success response (`ok=true`) for method fixture validation.","details":{"method":"connect"},"retryable":false}}
[TRACE][attachment] DRAIN poll round=1/2
[TRACE][attachment] OUT {"method":"chat.events.poll","params":{"sessionKey":"web-smoke-attachment-f6898792de8e4a8595e18268abcfae74","limit":50},"id":"dd0d41c1b6b0405ba44adf02e31203e3","type":"req"}
[TRACE][attachment] IN  {"type":"res","id":"dd0d41c1b6b0405ba44adf02e31203e3","ok":true,"payload":{"sessionKey":"web-smoke-attachment-f6898792de8e4a8595e18268abcfae74","events":[],"count":0}}
[TRACE][attachment] DRAIN poll round=2/2
[TRACE][attachment] OUT {"method":"chat.events.poll","params":{"sessionKey":"web-smoke-attachment-f6898792de8e4a8595e18268abcfae74","limit":50},"id":"2fbc324177494ab88a060db7379b451e","type":"req"}
[TRACE][attachment] IN  {"type":"res","id":"2fbc324177494ab88a060db7379b451e","ok":true,"payload":{"sessionKey":"web-smoke-attachment-f6898792de8e4a8595e18268abcfae74","events":[],"count":0}}
[TRACE][attachment] OUT {"method":"chat.send","params":{"sessionKey":"web-smoke-attachment-f6898792de8e4a8595e18268abcfae74","deliver":false,"message":"webview smoke attachment","attachments":[{"mimeType":"image/png","content":"AQ==","type":"image"}],"idempotencyKey":"web-smoke-attachment-e6630f32d39a4ea28abdd72a00d1ac60"},"id":"95c978a0e660444693fb1f605839f905","type":"req"}
[TRACE][attachment] IN  {"type":"res","id":"95c978a0e660444693fb1f605839f905","ok":true,"payload":{"runId":"95c978a0e660444693fb1f605839f905","backendErrorCode":null,"queued":true,"deduped":false}}
[TRACE][attachment] attachment send response: ["[TRACE][attachment] IN  {\"type\":\"res\",\"id\":\"95c978a0e660444693fb1f605839f905\",\"ok\":true,\"payload\":{\"runId\":\"95c978a0e660444693fb1f605839f905\",\"backendErrorCode\":null,\"queued\":true,\"deduped\":false}}",{"type":"res","id":"95c978a0e660444693fb1f605839f905","ok":true,"payload":{"runId":"95c978a0e660444693fb1f605839f905","backendErrorCode":null,"queued":true,"deduped":false}}]
[TRACE][attachment] OUT {"method":"chat.events.poll","params":{"sessionKey":"web-smoke-attachment-f6898792de8e4a8595e18268abcfae74","limit":50},"id":"79ffbe3a5b9b4783a3c8242e6cad9f31","type":"req"}
[TRACE][attachment] IN  {"type":"res","id":"79ffbe3a5b9b4783a3c8242e6cad9f31","ok":true,"payload":{"sessionKey":"web-smoke-attachment-f6898792de8e4a8595e18268abcfae74","events":[{"runId":"95c978a0e660444693fb1f605839f905","sessionKey":"web-smoke-attachment-f6898792de8e4a8595e18268abcfae74","state":"delta","timestamp":1774151737875,"message":{"role":"assistant","text":"Model("}}],"count":1}}
[TRACE][attachment] OUT {"method":"chat.events.poll","params":{"sessionKey":"web-smoke-attachment-f6898792de8e4a8595e18268abcfae74","limit":50},"id":"995c3837d7704f0d99f812c4ab659915","type":"req"}
[TRACE][attachment] IN  {"type":"res","id":"995c3837d7704f0d99f812c4ab659915","ok":true,"payload":{"sessionKey":"web-smoke-attachment-f6898792de8e4a8595e18268abcfae74","events":[{"runId":"95c978a0e660444693fb1f605839f905","sessionKey":"web-smoke-attachment-f6898792de8e4a8595e18268abcfae74","state":"delta","timestamp":1774151738260,"message":{"role":"assistant","text":"Model(default)"}}],"count":1}}
[TRACE][attachment] OUT {"method":"chat.events.poll","params":{"sessionKey":"web-smoke-attachment-f6898792de8e4a8595e18268abcfae74","limit":50},"id":"d1a82825f1754617a5d05f3281620682","type":"req"}
[TRACE][attachment] IN  {"type":"res","id":"d1a82825f1754617a5d05f3281620682","ok":true,"payload":{"sessionKey":"web-smoke-attachment-f6898792de8e4a8595e18268abcfae74","events":[{"runId":"95c978a0e660444693fb1f605839f905","sessionKey":"web-smoke-attachment-f6898792de8e4a8595e18268abcfae74","state":"delta","timestamp":1774151738864,"message":{"role":"assistant","text":"Model(default): webvie"}}],"count":1}}
[TRACE][attachment] OUT {"method":"chat.events.poll","params":{"sessionKey":"web-smoke-attachment-f6898792de8e4a8595e18268abcfae74","limit":50},"id":"e30074612d474b24b59c8111e3a89710","type":"req"}
[TRACE][attachment] IN  {"type":"res","id":"e30074612d474b24b59c8111e3a89710","ok":true,"payload":{"sessionKey":"web-smoke-attachment-f6898792de8e4a8595e18268abcfae74","events":[{"runId":"95c978a0e660444693fb1f605839f905","sessionKey":"web-smoke-attachment-f6898792de8e4a8595e18268abcfae74","state":"delta","timestamp":1774151739364,"message":{"role":"assistant","text":"Model(default): webview smoke "}}],"count":1}}
[TRACE][attachment] OUT {"method":"chat.events.poll","params":{"sessionKey":"web-smoke-attachment-f6898792de8e4a8595e18268abcfae74","limit":50},"id":"5e06b1e19f974dacaf6fff0bb7286e2e","type":"req"}
[TRACE][attachment] IN  {"type":"res","id":"5e06b1e19f974dacaf6fff0bb7286e2e","ok":true,"payload":{"sessionKey":"web-smoke-attachment-f6898792de8e4a8595e18268abcfae74","events":[{"runId":"95c978a0e660444693fb1f605839f905","sessionKey":"web-smoke-attachment-f6898792de8e4a8595e18268abcfae74","state":"delta","timestamp":1774151739827,"message":{"role":"assistant","text":"Model(default): webview smoke attachme"}}],"count":1}}
[TRACE][attachment] OUT {"method":"chat.events.poll","params":{"sessionKey":"web-smoke-attachment-f6898792de8e4a8595e18268abcfae74","limit":50},"id":"2af0ac80b2b64f0ebca7c10821d0968a","type":"req"}
[TRACE][attachment] IN  {"type":"res","id":"2af0ac80b2b64f0ebca7c10821d0968a","ok":true,"payload":{"sessionKey":"web-smoke-attachment-f6898792de8e4a8595e18268abcfae74","events":[{"runId":"95c978a0e660444693fb1f605839f905","sessionKey":"web-smoke-attachment-f6898792de8e4a8595e18268abcfae74","state":"delta","timestamp":1774151740118,"message":{"role":"assistant","text":"Model(default): webview smoke attachment"}},{"runId":"95c978a0e660444693fb1f605839f905","sessionKey":"web-smoke-attachment-f6898792de8e4a8595e18268abcfae74","state":"final","timestamp":1774151740118,"message":{"role":"assistant","content":[{"type":"text","text":"Model(default): webview smoke attachment"}],"timestamp":1774151740118}}],"count":2}}
[TRACE][attachment] OUT {"method":"connect","params":{"protocol":3,"agent":"blazeclaw-det-verifier"},"id":"3f400f92d7b2472f93b48490920bf747","type":"req"}
[TRACE][attachment] IN  {"type":"res","id":"3f400f92d7b2472f93b48490920bf747","ok":false,"error":{"code":"schema_invalid_response","message":"Expected success response (`ok=true`) for method fixture validation.","details":{"method":"connect"},"retryable":false}}
[TRACE][attachment] DRAIN poll round=1/2
[TRACE][attachment] OUT {"method":"chat.events.poll","params":{"sessionKey":"web-smoke-attachment-39d62a6fe1e04d738ecafdc632838b17","limit":50},"id":"c1028a48fe934ddca90165d60e1ab8ff","type":"req"}
[TRACE][attachment] IN  {"type":"res","id":"c1028a48fe934ddca90165d60e1ab8ff","ok":true,"payload":{"sessionKey":"web-smoke-attachment-39d62a6fe1e04d738ecafdc632838b17","events":[],"count":0}}
[TRACE][attachment] DRAIN poll round=2/2
[TRACE][attachment] OUT {"method":"chat.events.poll","params":{"sessionKey":"web-smoke-attachment-39d62a6fe1e04d738ecafdc632838b17","limit":50},"id":"5f1a38cb8ae44938bf195fdc56d0e5b0","type":"req"}
[TRACE][attachment] IN  {"type":"res","id":"5f1a38cb8ae44938bf195fdc56d0e5b0","ok":true,"payload":{"sessionKey":"web-smoke-attachment-39d62a6fe1e04d738ecafdc632838b17","events":[],"count":0}}
[TRACE][attachment] OUT {"method":"chat.send","params":{"sessionKey":"web-smoke-attachment-39d62a6fe1e04d738ecafdc632838b17","deliver":false,"message":"webview smoke attachment","attachments":[{"mimeType":"image/png","content":"AQ==","type":"image"}],"idempotencyKey":"web-smoke-attachment-d60846114eb4448183d6218c5646280a"},"id":"baa96ea86dd440c692b817dfba298af4","type":"req"}
[TRACE][attachment] IN  {"type":"res","id":"baa96ea86dd440c692b817dfba298af4","ok":true,"payload":{"runId":"baa96ea86dd440c692b817dfba298af4","backendErrorCode":null,"queued":true,"deduped":false}}
[TRACE][attachment] attachment send response: {"type":"res","id":"baa96ea86dd440c692b817dfba298af4","ok":true,"payload":{"runId":"baa96ea86dd440c692b817dfba298af4","backendErrorCode":null,"queued":true,"deduped":false}}
[TRACE][attachment] OUT {"method":"chat.events.poll","params":{"sessionKey":"web-smoke-attachment-39d62a6fe1e04d738ecafdc632838b17","limit":50},"id":"1d96d645b0f94bfaaac75d8f3b5854e0","type":"req"}
