[TRACE][attachment] OUT {"method":"connect","params":{"protocol":3,"agent":"blazeclaw-det-verifier"},"id":"598f3a13c1114a098aacf4f1c98c4984","type":"req"}
[TRACE][attachment] IN  {"type":"res","id":"598f3a13c1114a098aacf4f1c98c4984","ok":false,"error":{"code":"schema_invalid_response","message":"Expected success response (`ok=true`) for method fixture validation.","details":{"method":"connect"},"retryable":false}}
[TRACE][attachment] DRAIN poll round=1/2
[TRACE][attachment] OUT {"method":"chat.events.poll","params":{"sessionKey":"web-smoke-attachment-7535dc122afb49bd8e2dc159f638e50c","limit":50},"id":"804a5d6adeda4dd59a29cdb7c6ce41fa","type":"req"}
[TRACE][attachment] IN  {"type":"res","id":"804a5d6adeda4dd59a29cdb7c6ce41fa","ok":true,"payload":{"sessionKey":"web-smoke-attachment-7535dc122afb49bd8e2dc159f638e50c","events":[],"count":0}}
[TRACE][attachment] DRAIN poll round=2/2
[TRACE][attachment] OUT {"method":"chat.events.poll","params":{"sessionKey":"web-smoke-attachment-7535dc122afb49bd8e2dc159f638e50c","limit":50},"id":"5d289ec69d9e4585aa21e10c630cd2f9","type":"req"}
[TRACE][attachment] IN  {"type":"res","id":"5d289ec69d9e4585aa21e10c630cd2f9","ok":true,"payload":{"sessionKey":"web-smoke-attachment-7535dc122afb49bd8e2dc159f638e50c","events":[],"count":0}}
[TRACE][attachment] OUT {"method":"chat.send","params":{"sessionKey":"web-smoke-attachment-7535dc122afb49bd8e2dc159f638e50c","deliver":false,"message":"webview smoke attachment","attachments":[{"mimeType":"image/png","content":"AQ==","type":"image"}],"idempotencyKey":"web-smoke-attachment-97302e2a41474c689e45f46b975c5aca"},"id":"f18bb87e15c44b7080b28646d89dcd17","type":"req"}
[TRACE][attachment] IN  {"type":"res","id":"f18bb87e15c44b7080b28646d89dcd17","ok":true,"payload":{"runId":"f18bb87e15c44b7080b28646d89dcd17","backendErrorCode":null,"queued":true,"deduped":false}}
[TRACE][attachment] attachment send response: {"type":"res","id":"f18bb87e15c44b7080b28646d89dcd17","ok":true,"payload":{"runId":"f18bb87e15c44b7080b28646d89dcd17","backendErrorCode":null,"queued":true,"deduped":false}}
[TRACE][attachment] OUT {"method":"chat.events.poll","params":{"sessionKey":"web-smoke-attachment-7535dc122afb49bd8e2dc159f638e50c","limit":50},"id":"30581d3c885b4af3a460e5851e2e4faf","type":"req"}
[TRACE][attachment] IN  {"type":"res","id":"30581d3c885b4af3a460e5851e2e4faf","ok":true,"payload":{"sessionKey":"web-smoke-attachment-7535dc122afb49bd8e2dc159f638e50c","events":[{"runId":"f18bb87e15c44b7080b28646d89dcd17","sessionKey":"web-smoke-attachment-7535dc122afb49bd8e2dc159f638e50c","state":"delta","timestamp":1774151876496,"message":{"role":"assistant","text":"Model("}}],"count":1}}
[TRACE][attachment] OUT {"method":"chat.events.poll","params":{"sessionKey":"web-smoke-attachment-7535dc122afb49bd8e2dc159f638e50c","limit":50},"id":"ff7a926e4404444db745e7df7146c95d","type":"req"}
[TRACE][attachment] IN  {"type":"res","id":"ff7a926e4404444db745e7df7146c95d","ok":true,"payload":{"sessionKey":"web-smoke-attachment-7535dc122afb49bd8e2dc159f638e50c","events":[{"runId":"f18bb87e15c44b7080b28646d89dcd17","sessionKey":"web-smoke-attachment-7535dc122afb49bd8e2dc159f638e50c","state":"delta","timestamp":1774151876994,"message":{"role":"assistant","text":"Model(default)"}}],"count":1}}
[TRACE][attachment] OUT {"method":"chat.events.poll","params":{"sessionKey":"web-smoke-attachment-7535dc122afb49bd8e2dc159f638e50c","limit":50},"id":"5901f2b105534af98f09a41ed7af26e9","type":"req"}
[TRACE][attachment] IN  {"type":"res","id":"5901f2b105534af98f09a41ed7af26e9","ok":true,"payload":{"sessionKey":"web-smoke-attachment-7535dc122afb49bd8e2dc159f638e50c","events":[{"runId":"f18bb87e15c44b7080b28646d89dcd17","sessionKey":"web-smoke-attachment-7535dc122afb49bd8e2dc159f638e50c","state":"delta","timestamp":1774151877489,"message":{"role":"assistant","text":"Model(default): webvie"}}],"count":1}}
[TRACE][attachment] OUT {"method":"chat.events.poll","params":{"sessionKey":"web-smoke-attachment-7535dc122afb49bd8e2dc159f638e50c","limit":50},"id":"51337b039cdf4aea8cd21dedcb79bf9d","type":"req"}
[TRACE][attachment] IN  {"type":"res","id":"51337b039cdf4aea8cd21dedcb79bf9d","ok":true,"payload":{"sessionKey":"web-smoke-attachment-7535dc122afb49bd8e2dc159f638e50c","events":[{"runId":"f18bb87e15c44b7080b28646d89dcd17","sessionKey":"web-smoke-attachment-7535dc122afb49bd8e2dc159f638e50c","state":"delta","timestamp":1774151877997,"message":{"role":"assistant","text":"Model(default): webview smoke "}}],"count":1}}
[TRACE][attachment] OUT {"method":"chat.events.poll","params":{"sessionKey":"web-smoke-attachment-7535dc122afb49bd8e2dc159f638e50c","limit":50},"id":"691243a78a4943d380aa201f11bd01fd","type":"req"}
[TRACE][attachment] IN  {"type":"res","id":"691243a78a4943d380aa201f11bd01fd","ok":true,"payload":{"sessionKey":"web-smoke-attachment-7535dc122afb49bd8e2dc159f638e50c","events":[{"runId":"f18bb87e15c44b7080b28646d89dcd17","sessionKey":"web-smoke-attachment-7535dc122afb49bd8e2dc159f638e50c","state":"delta","timestamp":1774151878494,"message":{"role":"assistant","text":"Model(default): webview smoke attachme"}}],"count":1}}
[TRACE][attachment] OUT {"method":"chat.events.poll","params":{"sessionKey":"web-smoke-attachment-7535dc122afb49bd8e2dc159f638e50c","limit":50},"id":"e0cf4ed945cf48f4ae8545a17fe2a3cc","type":"req"}
[TRACE][attachment] IN  {"type":"res","id":"e0cf4ed945cf48f4ae8545a17fe2a3cc","ok":true,"payload":{"sessionKey":"web-smoke-attachment-7535dc122afb49bd8e2dc159f638e50c","events":[{"runId":"f18bb87e15c44b7080b28646d89dcd17","sessionKey":"web-smoke-attachment-7535dc122afb49bd8e2dc159f638e50c","state":"delta","timestamp":1774151878993,"message":{"role":"assistant","text":"Model(default): webview smoke attachment"}},{"runId":"f18bb87e15c44b7080b28646d89dcd17","sessionKey":"web-smoke-attachment-7535dc122afb49bd8e2dc159f638e50c","state":"final","timestamp":1774151878993,"message":{"role":"assistant","content":[{"type":"text","text":"Model(default): webview smoke attachment"}],"timestamp":1774151878993}}],"count":2}}
[TRACE][attachment] OUT {"method":"chat.send","params":{"sessionKey":"web-smoke-attachment-7535dc122afb49bd8e2dc159f638e50c","deliver":false,"message":"","attachments":[{"mimeType":"image/png","type":"image"}],"idempotencyKey":"web-smoke-invalid-attachment-8f7d0cc4f3c84f05b11ac5bc911ba882"},"id":"90619c34a2234fa1a3850481ceb45784","type":"req"}
[TRACE][attachment] IN  {"type":"res","id":"90619c34a2234fa1a3850481ceb45784","ok":false,"error":{"code":"schema_invalid_response","message":"Expected success response (`ok=true`) for method fixture validation.","details":{"method":"chat.send"},"retryable":false}}
[TRACE][attachment] invalid attachment response: {"type":"res","id":"90619c34a2234fa1a3850481ceb45784","ok":false,"error":{"code":"schema_invalid_response","message":"Expected success response (`ok=true`) for method fixture validation.","details":{"method":"chat.send"},"retryable":false}}
