[TRACE][lifecyclecatalog] OUT {"method":"connect","params":{"protocol":3,"agent":"blazeclaw-det-verifier"},"id":"7bed622baf0045aa8b7261b942b56102","type":"req"}
[TRACE][lifecyclecatalog] IN  {"type":"res","id":"7bed622baf0045aa8b7261b942b56102","ok":true,"payload":{"accepted":true,"protocol":3,"agent":"blazeclaw-det-verifier","gateway":"blazeclaw.gateway.v1"}}
[TRACE][lifecyclecatalog] OUT {"method":"gateway.tools.catalog","params":{},"id":"f3b6735201b545c8bdd7a51f4432f69e","type":"req"}
[TRACE][lifecyclecatalog] IN  {"type":"res","id":"f3b6735201b545c8bdd7a51f4432f69e","ok":false,"error":{"code":"schema_invalid_params","message":"Method `gateway.tools.catalog` does not accept `params`.","details":{"method":"gateway.tools.catalog"},"retryable":false}}
[TRACE][lifecyclecatalog] OUT {"method":"connect","params":{"protocol":3,"agent":"blazeclaw-det-verifier"},"id":"833084a62c944444a6e55a945e9b2edd","type":"req"}
[TRACE][lifecyclecatalog] IN  {"type":"res","id":"833084a62c944444a6e55a945e9b2edd","ok":true,"payload":{"accepted":true,"protocol":3,"agent":"blazeclaw-det-verifier","gateway":"blazeclaw.gateway.v1"}}
[TRACE][lifecyclecatalog] OUT {"method":"gateway.tools.catalog","id":"872e2e4392994514b91be0ee09e234f1","type":"req"}
[TRACE][lifecyclecatalog] IN  {"type":"res","id":"872e2e4392994514b91be0ee09e234f1","ok":true,"payload":{"tools":[{"id":"chat.send","label":"Chat Send","category":"messaging","enabled":true},{"id":"lobster","label":"Lobster Workflow","category":"workflow","enabled":true},{"id":"memory.search","label":"Memory Search","category":"knowledge","enabled":true}]}}
[TRACE][lifecyclecatalog] OUT {"method":"connect","params":{"protocol":3,"agent":"blazeclaw-det-verifier"},"id":"dce2bb612a604f2e918fac485c6bd7c8","type":"req"}
[TRACE][lifecyclecatalog] IN  {"type":"res","id":"dce2bb612a604f2e918fac485c6bd7c8","ok":true,"payload":{"accepted":true,"protocol":3,"agent":"blazeclaw-det-verifier","gateway":"blazeclaw.gateway.v1"}}
[TRACE][lifecyclecatalog] OUT {"method":"gateway.tools.catalog","id":"30cbaaa6493e4e1d914baf7777001aca","type":"req"}
[TRACE][lifecyclecatalog] IN  {"type":"res","id":"30cbaaa6493e4e1d914baf7777001aca","ok":true,"payload":{"tools":[{"id":"chat.send","label":"Chat Send","category":"messaging","enabled":true},{"id":"lobster","label":"Lobster Workflow","category":"workflow","enabled":true},{"id":"memory.search","label":"Memory Search","category":"knowledge","enabled":true}]}}
[TRACE][lifecyclecatalog] OUT {"method":"connect","params":{"protocol":3,"agent":"blazeclaw-det-verifier"},"id":"b990651e560b4898a95bbd582263b49b","type":"req"}
[TRACE][lifecyclecatalog] IN  {"type":"res","id":"b990651e560b4898a95bbd582263b49b","ok":true,"payload":{"accepted":true,"protocol":3,"agent":"blazeclaw-det-verifier","gateway":"blazeclaw.gateway.v1"}}
[TRACE][lifecyclecatalog] OUT {"method":"gateway.tools.catalog","id":"c192ab1460824275b8e3a453eaff41c1","type":"req"}
[TRACE][lifecyclecatalog] IN  {"type":"res","id":"c192ab1460824275b8e3a453eaff41c1","ok":true,"payload":{"tools":[{"id":"chat.send","label":"Chat Send","category":"messaging","enabled":true},{"id":"lobster","label":"Lobster Workflow","category":"workflow","enabled":true},{"id":"memory.search","label":"Memory Search","category":"knowledge","enabled":true}]}}
[TRACE][lifecyclecatalog] OUT {"method":"connect","params":{"protocol":3,"agent":"blazeclaw-det-verifier"},"id":"3442bd8caf9745c085067b683c7e833d","type":"req"}
[TRACE][lifecyclecatalog] IN  {"type":"res","id":"3442bd8caf9745c085067b683c7e833d","ok":true,"payload":{"accepted":true,"protocol":3,"agent":"blazeclaw-det-verifier","gateway":"blazeclaw.gateway.v1"}}
[TRACE][lifecyclecatalog] OUT {"method":"gateway.tools.catalog","id":"4ec9b1fcc3a0449199c6098b42c7ac5c","type":"req"}
[TRACE][lifecyclecatalog] IN  {"type":"res","id":"4ec9b1fcc3a0449199c6098b42c7ac5c","ok":true,"payload":{"tools":[{"id":"chat.send","label":"Chat Send","category":"messaging","enabled":true},{"id":"lobster","label":"Lobster Workflow","category":"workflow","enabled":true},{"id":"memory.search","label":"Memory Search","category":"knowledge","enabled":true}]}}
[TRACE][lifecyclecatalog] OUT {"method":"connect","params":{"protocol":3,"agent":"blazeclaw-det-verifier"},"id":"60d373b1be8b4176b98f08fdf008c9b8","type":"req"}
[TRACE][lifecyclecatalog] IN  {"type":"res","id":"60d373b1be8b4176b98f08fdf008c9b8","ok":true,"payload":{"accepted":true,"protocol":3,"agent":"blazeclaw-det-verifier","gateway":"blazeclaw.gateway.v1"}}
[TRACE][lifecyclecatalog] OUT {"method":"gateway.tools.catalog","id":"a9a302c76e974d17ad3768dde206b0f7","type":"req"}
[TRACE][lifecyclecatalog] IN  {"type":"res","id":"a9a302c76e974d17ad3768dde206b0f7","ok":true,"payload":{"tools":[{"id":"chat.send","label":"Chat Send","category":"messaging","enabled":true},{"id":"email.schedule","label":"Email Schedule","category":"communication","enabled":true},{"id":"lobster","label":"Lobster Workflow","category":"workflow","enabled":true},{"id":"memory.search","label":"Memory Search","category":"knowledge","enabled":true},{"id":"weather.lookup","label":"Weather Lookup","category":"data","enabled":true}]}}
[TRACE][lifecyclecatalog] OUT {"method":"gateway.events.latestByType","params":{"type":"lifecycle"},"id":"7736768a493744c3a1a1d22bc674bd2e","type":"req"}
[TRACE][lifecyclecatalog] IN  {"type":"res","id":"7736768a493744c3a1a1d22bc674bd2e","ok":true,"payload":{"type":"lifecycle","event":"gateway.shutdown"}}
